<?xml version="1.0" encoding="UTF-8"?>
<!-- Generated by org.testng.reporters.JUnitXMLReporter -->
<testsuite hostname="DESKTOP-D6P93GQ" ignored="4" name="Default test" tests="1" failures="0" timestamp="2023-03-13T23:09:40 PDT" time="2.942" errors="0">
  <testcase name="getEmployeedata" time="2.464" classname="com.apitests.LogintoDummyApi"/>
  <testcase name="TC_02createdata" time="0.0" classname="com.apitests.LogintoDummyApi">
    <ignored/>
  </testcase> <!-- TC_02createdata -->
  <testcase name="invalidDelete" time="0.0" classname="com.apitests.LogintoDummyApi">
    <ignored/>
  </testcase> <!-- invalidDelete -->
  <testcase name="TC_01validlogin" time="0.0" classname="com.apitests.LogintoDummyApi">
    <ignored/>
  </testcase> <!-- TC_01validlogin -->
  <testcase name="deletedata" time="0.0" classname="com.apitests.LogintoDummyApi">
    <ignored/>
  </testcase> <!-- deletedata -->
</testsuite> <!-- Default test -->
