<?xml version="1.0" encoding="UTF-8"?>
<testng-results skipped="0" failed="0" ignored="4" total="5" passed="1">
  <reporter-output>
  </reporter-output>
  <suite name="Default suite" duration-ms="2942" started-at="2023-03-13T23:09:37 PDT" finished-at="2023-03-13T23:09:40 PDT">
    <groups>
    </groups>
    <test name="Default test" duration-ms="2942" started-at="2023-03-13T23:09:37 PDT" finished-at="2023-03-13T23:09:40 PDT">
      <class name="com.apitests.LogintoDummyApi">
        <test-method status="PASS" signature="setupApi()[pri:0, instance:com.apitests.LogintoDummyApi@2781e022]" name="setupApi" is-config="true" duration-ms="439" started-at="2023-03-13T23:09:37 PDT" finished-at="2023-03-13T23:09:38 PDT">
          <reporter-output>
          </reporter-output>
        </test-method> <!-- setupApi -->
        <test-method status="PASS" signature="getEmployeedata()[pri:4, instance:com.apitests.LogintoDummyApi@2781e022]" name="getEmployeedata" duration-ms="2464" started-at="2023-03-13T23:09:38 PDT" finished-at="2023-03-13T23:09:40 PDT">
          <reporter-output>
          </reporter-output>
        </test-method> <!-- getEmployeedata -->
      </class> <!-- com.apitests.LogintoDummyApi -->
    </test> <!-- Default test -->
  </suite> <!-- Default suite -->
</testng-results>
